e:\code\qt\opengl world\opengl world\x64\release\qrc_openglworld.obj
e:\code\qt\opengl world\opengl world\x64\release\terraintexturepack.obj
e:\code\qt\opengl world\opengl world\x64\release\terrain.obj
e:\code\qt\opengl world\opengl world\x64\release\player.obj
e:\code\qt\opengl world\opengl world\x64\release\openglworld.obj
e:\code\qt\opengl world\opengl world\x64\release\openglwidget.obj
e:\code\qt\opengl world\opengl world\x64\release\objloader.obj
e:\code\qt\opengl world\opengl world\x64\release\modelobj.obj
e:\code\qt\opengl world\opengl world\x64\release\minimap.obj
e:\code\qt\opengl world\opengl world\x64\release\main.obj
e:\code\qt\opengl world\opengl world\x64\release\light.obj
e:\code\qt\opengl world\opengl world\x64\release\moc_openglworld.obj
d:\code\qt\opengl world\opengl world\x64\release\qrc_openglworld.obj
d:\code\qt\opengl world\opengl world\x64\release\terraintexturepack.obj
d:\code\qt\opengl world\opengl world\x64\release\terrain.obj
d:\code\qt\opengl world\opengl world\x64\release\player.obj
d:\code\qt\opengl world\opengl world\x64\release\openglworld.obj
d:\code\qt\opengl world\opengl world\x64\release\openglwidget.obj
d:\code\qt\opengl world\opengl world\x64\release\objloader.obj
d:\code\qt\opengl world\opengl world\x64\release\modelobj.obj
d:\code\qt\opengl world\opengl world\x64\release\minimap.obj
d:\code\qt\opengl world\opengl world\x64\release\main.obj
d:\code\qt\opengl world\opengl world\x64\release\light.obj
d:\code\qt\opengl world\opengl world\x64\release\moc_openglworld.obj
e:\code\qt\opengl world\opengl world\generatedfiles\release\moc_openglworld.cpp
e:\code\qt\opengl world\opengl world\generatedfiles\ui_openglworld.h
e:\code\qt\opengl world\opengl world\generatedfiles\qrc_openglworld.cpp
d:\code\qt\opengl world\opengl world\generatedfiles\release\moc_openglworld.cpp
d:\code\qt\opengl world\opengl world\generatedfiles\ui_openglworld.h
d:\code\qt\opengl world\opengl world\generatedfiles\qrc_openglworld.cpp
e:\code\qt\opengl world\x64\release\opengl world.exe
d:\code\qt\opengl world\x64\release\opengl world.exe
f:\darkbackup\2019.09.01\code\qt\opengl world\opengl world\x64\release\light.obj
f:\darkbackup\2019.09.01\code\qt\opengl world\opengl world\x64\release\main.obj
f:\darkbackup\2019.09.01\code\qt\opengl world\opengl world\x64\release\minimap.obj
f:\darkbackup\2019.09.01\code\qt\opengl world\opengl world\x64\release\moc_openglworld.obj
f:\darkbackup\2019.09.01\code\qt\opengl world\opengl world\x64\release\modelobj.obj
f:\darkbackup\2019.09.01\code\qt\opengl world\opengl world\x64\release\objloader.obj
f:\darkbackup\2019.09.01\code\qt\opengl world\opengl world\x64\release\openglwidget.obj
f:\darkbackup\2019.09.01\code\qt\opengl world\opengl world\x64\release\openglworld.obj
f:\darkbackup\2019.09.01\code\qt\opengl world\opengl world\x64\release\player.obj
f:\darkbackup\2019.09.01\code\qt\opengl world\opengl world\x64\release\qrc_openglworld.obj
f:\darkbackup\2019.09.01\code\qt\opengl world\opengl world\x64\release\terrain.obj
f:\darkbackup\2019.09.01\code\qt\opengl world\opengl world\x64\release\terraintexturepack.obj
f:\darkbackup\2019.09.01\code\qt\opengl world\x64\release\opengl world.exe
f:\darkbackup\2019.09.01\code\qt\opengl world\opengl world\x64\release\opengl world.tlog\cl.command.1.tlog
f:\darkbackup\2019.09.01\code\qt\opengl world\opengl world\x64\release\opengl world.tlog\cl.read.1.tlog
f:\darkbackup\2019.09.01\code\qt\opengl world\opengl world\x64\release\opengl world.tlog\cl.write.1.tlog
f:\darkbackup\2019.09.01\code\qt\opengl world\opengl world\x64\release\opengl world.tlog\custombuild.command.1.tlog
f:\darkbackup\2019.09.01\code\qt\opengl world\opengl world\x64\release\opengl world.tlog\custombuild.read.1.tlog
f:\darkbackup\2019.09.01\code\qt\opengl world\opengl world\x64\release\opengl world.tlog\custombuild.write.1.tlog
f:\darkbackup\2019.09.01\code\qt\opengl world\opengl world\x64\release\opengl world.tlog\link.command.1.tlog
f:\darkbackup\2019.09.01\code\qt\opengl world\opengl world\x64\release\opengl world.tlog\link.read.1.tlog
f:\darkbackup\2019.09.01\code\qt\opengl world\opengl world\x64\release\opengl world.tlog\link.write.1.tlog
