已經開始建置於 2015/11/5 下午 08:48:17。
     1>節點 2 (Build 目標) 上的專案 "G:\Code\QT\OpenGL World\OpenGL World\OpenGL World.vcxproj"。
     1>ClCompile:
         C:\Program Files (x86)\Microsoft Visual Studio 12.0\VC\bin\CL.exe /c /I.\GeneratedFiles /I. /IC:\Qt\Qt5.5.0\5.5\msvc2013\include /I.\GeneratedFiles\Release /IC:\Qt\Qt5.5.0\5.5\msvc2013\include\QtCore /IC:\Qt\Qt5.5.0\5.5\msvc2013\include\QtGui /IC:\Qt\Qt5.5.0\5.5\msvc2013\include\QtOpenGL /IC:\Qt\Qt5.5.0\5.5\msvc2013\include\QtWidgets /nologo /W1 /WX- /O2 /Oy- /D UNICODE /D WIN32 /D WIN64 /D QT_DLL /D QT_NO_DEBUG /D NDEBUG /D QT_CORE_LIB /D QT_GUI_LIB /D QT_OPENGL_LIB /D QT_WIDGETS_LIB /Gm- /EHsc /MD /GS /fp:precise /Zc:wchar_t /Zc:forScope /Fo"Release\\" /Fd"Release\vc120.pdb" /Gd /TP /analyze- /errorReport:prompt GeneratedFiles\Release\moc_openglworld.cpp OpenGLWidget.cpp Terrain.cpp main.cpp openglworld.cpp
         moc_openglworld.cpp
         OpenGLWidget.cpp
         Terrain.cpp
         main.cpp
         openglworld.cpp
         正在產生程式碼...
       Link:
         C:\Program Files (x86)\Microsoft Visual Studio 12.0\VC\bin\link.exe /ERRORREPORT:PROMPT /OUT:"G:\Code\QT\OpenGL World\Win32\Release\\OpenGL World.exe" /NOLOGO /LIBPATH:C:\Qt\Qt5.5.0\5.5\msvc2013\lib qtmain.lib Qt5Core.lib Qt5Gui.lib Qt5OpenGL.lib opengl32.lib glu32.lib Qt5Widgets.lib kernel32.lib user32.lib gdi32.lib winspool.lib comdlg32.lib advapi32.lib shell32.lib ole32.lib oleaut32.lib uuid.lib odbc32.lib odbccp32.lib /MANIFEST /MANIFESTUAC:"level='asInvoker' uiAccess='false'" /manifest:embed /PDB:"G:\Code\QT\OpenGL World\Win32\Release\OpenGL World.pdb" /SUBSYSTEM:CONSOLE /TLBID:1 /DYNAMICBASE /NXCOMPAT /IMPLIB:"G:\Code\QT\OpenGL World\Win32\Release\OpenGL World.lib" /MACHINE:X86 /SAFESEH Release\qrc_openglworld.obj
         Release\moc_openglworld.obj
         Release\Light.obj
         Release\main.obj
         Release\MiniMap.obj
         Release\ModelOBJ.obj
         Release\OBJLoader.obj
         Release\OpenGLWidget.obj
         Release\openglworld.obj
         Release\Player.obj
         Release\Terrain.obj
         Release\TerrainTexturePack.obj
         OpenGL World.vcxproj -> G:\Code\QT\OpenGL World\Win32\Release\OpenGL World.exe
     1>專案 "G:\Code\QT\OpenGL World\OpenGL World\OpenGL World.vcxproj" (Build 目標) 建置完成。

建置成功。

經過時間 00:00:06.62
